# JRE version: OpenJDK Runtime Environment (11.0.13) (build 11.0.13+0-b1751.21-8125866)
# Java VM: OpenJDK 64-Bit Server VM (11.0.13+0-b1751.21-8125866, mixed mode, tiered, compressed oops, g1 gc, windows-amd64)
Heap:
 garbage-first heap   total 131072K, used 80892K [0x00000000a0000000, 0x0000000100000000)
  region size 1024K, 56 young (57344K), 8 survivors (8192K)
 Metaspace       used 57310K, capacity 58425K, committed 58800K, reserved 1103872K
  class space    used 6898K, capacity 7300K, committed 7424K, reserved 1048576K
GC Heap History (20 events):
Event: 1.275 GC heap before
{Heap before GC invocations=0 (full 0):
 garbage-first heap   total 131072K, used 19456K [0x00000000a0000000, 0x0000000100000000)
  region size 1024K, 14 young (14336K), 0 survivors (0K)
 Metaspace       used 7443K, capacity 7583K, committed 7680K, reserved 1056768K
  class space    used 657K, capacity 716K, committed 768K, reserved 1048576K
}
Event: 1.291 GC heap after
{Heap after GC invocations=1 (full 0):
 garbage-first heap   total 131072K, used 7953K [0x00000000a0000000, 0x0000000100000000)
  region size 1024K, 2 young (2048K), 2 survivors (2048K)
 Metaspace       used 7443K, capacity 7583K, committed 7680K, reserved 1056768K
  class space    used 657K, capacity 716K, committed 768K, reserved 1048576K
}
Event: 2.103 GC heap before
{Heap before GC invocations=1 (full 0):
 garbage-first heap   total 131072K, used 20241K [0x00000000a0000000, 0x0000000100000000)
  region size 1024K, 14 young (14336K), 2 survivors (2048K)
 Metaspace       used 10902K, capacity 11145K, committed 11264K, reserved 1058816K
  class space    used 1127K, capacity 1203K, committed 1280K, reserved 1048576K
}
Event: 2.107 GC heap after
{Heap after GC invocations=2 (full 0):
 garbage-first heap   total 131072K, used 8855K [0x00000000a0000000, 0x0000000100000000)
  region size 1024K, 1 young (1024K), 1 survivors (1024K)
 Metaspace       used 10902K, capacity 11145K, committed 11264K, reserved 1058816K
  class space    used 1127K, capacity 1203K, committed 1280K, reserved 1048576K
}
Event: 14.786 GC heap before
{Heap before GC invocations=2 (full 0):
 garbage-first heap   total 131072K, used 36503K [0x00000000a0000000, 0x0000000100000000)
  region size 1024K, 29 young (29696K), 1 survivors (1024K)
 Metaspace       used 11073K, capacity 11338K, committed 11520K, reserved 1058816K
  class space    used 1129K, capacity 1203K, committed 1280K, reserved 1048576K
}
Event: 14.791 GC heap after
{Heap after GC invocations=3 (full 0):
 garbage-first heap   total 131072K, used 12933K [0x00000000a0000000, 0x0000000100000000)
  region size 1024K, 4 young (4096K), 4 survivors (4096K)
 Metaspace       used 11073K, capacity 11338K, committed 11520K, reserved 1058816K
  class space    used 1129K, capacity 1203K, committed 1280K, reserved 1048576K
}
Event: 18.067 GC heap before
{Heap before GC invocations=3 (full 0):
 garbage-first heap   total 131072K, used 54917K [0x00000000a0000000, 0x0000000100000000)
  region size 1024K, 45 young (46080K), 4 survivors (4096K)
 Metaspace       used 18513K, capacity 18947K, committed 19072K, reserved 1067008K
  class space    used 2201K, capacity 2342K, committed 2432K, reserved 1048576K
}
Event: 18.111 GC heap after
{Heap after GC invocations=4 (full 0):
 garbage-first heap   total 131072K, used 16122K [0x00000000a0000000, 0x0000000100000000)
  region size 1024K, 4 young (4096K), 4 survivors (4096K)
 Metaspace       used 18513K, capacity 18947K, committed 19072K, reserved 1067008K
  class space    used 2201K, capacity 2342K, committed 2432K, reserved 1048576K
}
Event: 18.691 GC heap before
{Heap before GC invocations=4 (full 0):
 garbage-first heap   total 131072K, used 30458K [0x00000000a0000000, 0x0000000100000000)
  region size 1024K, 19 young (19456K), 4 survivors (4096K)
 Metaspace       used 20673K, capacity 21167K, committed 21296K, reserved 1069056K
  class space    used 2508K, capacity 2661K, committed 2688K, reserved 1048576K
}
Event: 18.702 GC heap after
{Heap after GC invocations=5 (full 0):
 garbage-first heap   total 131072K, used 16426K [0x00000000a0000000, 0x0000000100000000)
  region size 1024K, 4 young (4096K), 4 survivors (4096K)
 Metaspace       used 20673K, capacity 21167K, committed 21296K, reserved 1069056K
  class space    used 2508K, capacity 2661K, committed 2688K, reserved 1048576K
}
Event: 20.650 GC heap before
{Heap before GC invocations=6 (full 0):
 garbage-first heap   total 131072K, used 70698K [0x00000000a0000000, 0x0000000100000000)
  region size 1024K, 58 young (59392K), 4 survivors (4096K)
 Metaspace       used 26406K, capacity 27047K, committed 27184K, reserved 1073152K
  class space    used 3408K, capacity 3605K, committed 3712K, reserved 1048576K
}
Event: 20.663 GC heap after
{Heap after GC invocations=7 (full 0):
 garbage-first heap   total 131072K, used 18311K [0x00000000a0000000, 0x0000000100000000)
  region size 1024K, 6 young (6144K), 6 survivors (6144K)
 Metaspace       used 26406K, capacity 27047K, committed 27184K, reserved 1073152K
  class space    used 3408K, capacity 3605K, committed 3712K, reserved 1048576K
}
Event: 22.730 GC heap before
{Heap before GC invocations=7 (full 0):
 garbage-first heap   total 131072K, used 66439K [0x00000000a0000000, 0x0000000100000000)
  region size 1024K, 52 young (53248K), 6 survivors (6144K)
 Metaspace       used 35184K, capacity 35859K, committed 35888K, reserved 1081344K
  class space    used 4445K, capacity 4711K, committed 4736K, reserved 1048576K
}
Event: 22.748 GC heap after
{Heap after GC invocations=8 (full 0):
 garbage-first heap   total 131072K, used 23696K [0x00000000a0000000, 0x0000000100000000)
  region size 1024K, 6 young (6144K), 6 survivors (6144K)
 Metaspace       used 35184K, capacity 35859K, committed 35888K, reserved 1081344K
  class space    used 4445K, capacity 4711K, committed 4736K, reserved 1048576K
}
Event: 25.770 GC heap before
{Heap before GC invocations=9 (full 0):
 garbage-first heap   total 131072K, used 89232K [0x00000000a0000000, 0x0000000100000000)
  region size 1024K, 70 young (71680K), 6 survivors (6144K)
 Metaspace       used 43572K, capacity 44391K, committed 44592K, reserved 1087488K
  class space    used 5342K, capacity 5646K, committed 5760K, reserved 1048576K
}
Event: 25.789 GC heap after
{Heap after GC invocations=10 (full 0):
 garbage-first heap   total 131072K, used 26273K [0x00000000a0000000, 0x0000000100000000)
  region size 1024K, 8 young (8192K), 8 survivors (8192K)
 Metaspace       used 43572K, capacity 44391K, committed 44592K, reserved 1087488K
  class space    used 5342K, capacity 5646K, committed 5760K, reserved 1048576K
}
Event: 27.791 GC heap before
{Heap before GC invocations=10 (full 0):
 garbage-first heap   total 131072K, used 92833K [0x00000000a0000000, 0x0000000100000000)
  region size 1024K, 73 young (74752K), 8 survivors (8192K)
 Metaspace       used 49518K, capacity 50470K, committed 50736K, reserved 1093632K
  class space    used 6139K, capacity 6476K, committed 6528K, reserved 1048576K
}
Event: 27.815 GC heap after
{Heap after GC invocations=11 (full 0):
 garbage-first heap   total 131072K, used 31408K [0x00000000a0000000, 0x0000000100000000)
  region size 1024K, 10 young (10240K), 10 survivors (10240K)
 Metaspace       used 49518K, capacity 50470K, committed 50736K, reserved 1093632K
  class space    used 6139K, capacity 6476K, committed 6528K, reserved 1048576K
}
Event: 39.162 GC heap before
{Heap before GC invocations=11 (full 0):
 garbage-first heap   total 131072K, used 95920K [0x00000000a0000000, 0x0000000100000000)
  region size 1024K, 74 young (75776K), 10 survivors (10240K)
 Metaspace       used 56623K, capacity 57757K, committed 57904K, reserved 1099776K
  class space    used 6872K, capacity 7254K, committed 7296K, reserved 1048576K
}
Event: 39.181 GC heap after
{Heap after GC invocations=12 (full 0):
 garbage-first heap   total 131072K, used 33788K [0x00000000a0000000, 0x0000000100000000)
  region size 1024K, 8 young (8192K), 8 survivors (8192K)
 Metaspace       used 56623K, capacity 57757K, committed 57904K, reserved 1099776K
  class space    used 6872K, capacity 7254K, committed 7296K, reserved 1048576K
}

