# JRE version: OpenJDK Runtime Environment (11.0.13) (build 11.0.13+0-b1751.21-8125866)
# Java VM: OpenJDK 64-Bit Server VM (11.0.13+0-b1751.21-8125866, mixed mode, tiered, compressed oops, g1 gc, windows-amd64)
Heap:
 garbage-first heap   total 131072K, used 70909K [0x00000000a0000000, 0x0000000100000000)
  region size 1024K, 9 young (9216K), 7 survivors (7168K)
 Metaspace       used 71199K, capacity 73302K, committed 73520K, reserved 1114112K
  class space    used 9110K, capacity 9844K, committed 9856K, reserved 1048576K
GC Heap History (20 events):
Event: 18.187 GC heap before
{Heap before GC invocations=6 (full 0):
 garbage-first heap   total 131072K, used 70195K [0x00000000a0000000, 0x0000000100000000)
  region size 1024K, 57 young (58368K), 4 survivors (4096K)
 Metaspace       used 26372K, capacity 26951K, committed 27056K, reserved 1073152K
  class space    used 3398K, capacity 3573K, committed 3584K, reserved 1048576K
}
Event: 18.195 GC heap after
{Heap after GC invocations=7 (full 0):
 garbage-first heap   total 131072K, used 17934K [0x00000000a0000000, 0x0000000100000000)
  region size 1024K, 6 young (6144K), 6 survivors (6144K)
 Metaspace       used 26372K, capacity 26951K, committed 27056K, reserved 1073152K
  class space    used 3398K, capacity 3573K, committed 3584K, reserved 1048576K
}
Event: 22.042 GC heap before
{Heap before GC invocations=7 (full 0):
 garbage-first heap   total 131072K, used 68110K [0x00000000a0000000, 0x0000000100000000)
  region size 1024K, 54 young (55296K), 6 survivors (6144K)
 Metaspace       used 35162K, capacity 35860K, committed 35888K, reserved 1081344K
  class space    used 4451K, capacity 4711K, committed 4736K, reserved 1048576K
}
Event: 22.057 GC heap after
{Heap after GC invocations=8 (full 0):
 garbage-first heap   total 131072K, used 23376K [0x00000000a0000000, 0x0000000100000000)
  region size 1024K, 6 young (6144K), 6 survivors (6144K)
 Metaspace       used 35162K, capacity 35860K, committed 35888K, reserved 1081344K
  class space    used 4451K, capacity 4711K, committed 4736K, reserved 1048576K
}
Event: 25.753 GC heap before
{Heap before GC invocations=9 (full 0):
 garbage-first heap   total 131072K, used 88912K [0x00000000a0000000, 0x0000000100000000)
  region size 1024K, 70 young (71680K), 6 survivors (6144K)
 Metaspace       used 40941K, capacity 41846K, committed 42032K, reserved 1085440K
  class space    used 5145K, capacity 5459K, committed 5504K, reserved 1048576K
}
Event: 25.786 GC heap after
{Heap after GC invocations=10 (full 0):
 garbage-first heap   total 131072K, used 26046K [0x00000000a0000000, 0x0000000100000000)
  region size 1024K, 8 young (8192K), 8 survivors (8192K)
 Metaspace       used 40941K, capacity 41846K, committed 42032K, reserved 1085440K
  class space    used 5145K, capacity 5459K, committed 5504K, reserved 1048576K
}
Event: 29.501 GC heap before
{Heap before GC invocations=11 (full 0):
 garbage-first heap   total 131072K, used 91582K [0x00000000a0000000, 0x0000000100000000)
  region size 1024K, 73 young (74752K), 8 survivors (8192K)
 Metaspace       used 44339K, capacity 45286K, committed 45360K, reserved 1089536K
  class space    used 5575K, capacity 5948K, committed 6016K, reserved 1048576K
}
Event: 29.518 GC heap after
{Heap after GC invocations=12 (full 0):
 garbage-first heap   total 131072K, used 28132K [0x00000000a0000000, 0x0000000100000000)
  region size 1024K, 7 young (7168K), 7 survivors (7168K)
 Metaspace       used 44339K, capacity 45286K, committed 45360K, reserved 1089536K
  class space    used 5575K, capacity 5948K, committed 6016K, reserved 1048576K
}
Event: 33.215 GC heap before
{Heap before GC invocations=12 (full 0):
 garbage-first heap   total 131072K, used 101860K [0x00000000a0000000, 0x0000000100000000)
  region size 1024K, 73 young (74752K), 7 survivors (7168K)
 Metaspace       used 52292K, capacity 53598K, committed 53808K, reserved 1095680K
  class space    used 6542K, capacity 6987K, committed 7040K, reserved 1048576K
}
Event: 33.232 GC heap after
{Heap after GC invocations=13 (full 0):
 garbage-first heap   total 131072K, used 43161K [0x00000000a0000000, 0x0000000100000000)
  region size 1024K, 10 young (10240K), 10 survivors (10240K)
 Metaspace       used 52292K, capacity 53598K, committed 53808K, reserved 1095680K
  class space    used 6542K, capacity 6987K, committed 7040K, reserved 1048576K
}
Event: 35.622 GC heap before
{Heap before GC invocations=13 (full 0):
 garbage-first heap   total 131072K, used 102553K [0x00000000a0000000, 0x0000000100000000)
  region size 1024K, 68 young (69632K), 10 survivors (10240K)
 Metaspace       used 59206K, capacity 60625K, committed 60848K, reserved 1101824K
  class space    used 7355K, capacity 7825K, committed 7936K, reserved 1048576K
}
Event: 35.639 GC heap after
{Heap after GC invocations=14 (full 0):
 garbage-first heap   total 131072K, used 47727K [0x00000000a0000000, 0x0000000100000000)
  region size 1024K, 5 young (5120K), 5 survivors (5120K)
 Metaspace       used 59206K, capacity 60625K, committed 60848K, reserved 1101824K
  class space    used 7355K, capacity 7825K, committed 7936K, reserved 1048576K
}
Event: 37.638 GC heap before
{Heap before GC invocations=14 (full 0):
 garbage-first heap   total 131072K, used 105071K [0x00000000a0000000, 0x0000000100000000)
  region size 1024K, 61 young (62464K), 5 survivors (5120K)
 Metaspace       used 62194K, capacity 63627K, committed 63664K, reserved 1105920K
  class space    used 7697K, capacity 8156K, committed 8192K, reserved 1048576K
}
Event: 37.651 GC heap after
{Heap after GC invocations=15 (full 0):
 garbage-first heap   total 131072K, used 51052K [0x00000000a0000000, 0x0000000100000000)
  region size 1024K, 8 young (8192K), 8 survivors (8192K)
 Metaspace       used 62194K, capacity 63627K, committed 63664K, reserved 1105920K
  class space    used 7697K, capacity 8156K, committed 8192K, reserved 1048576K
}
Event: 39.011 GC heap before
{Heap before GC invocations=15 (full 0):
 garbage-first heap   total 131072K, used 106348K [0x00000000a0000000, 0x0000000100000000)
  region size 1024K, 62 young (63488K), 8 survivors (8192K)
 Metaspace       used 63068K, capacity 64696K, committed 64944K, reserved 1105920K
  class space    used 7841K, capacity 8347K, committed 8448K, reserved 1048576K
}
Event: 39.037 GC heap after
{Heap after GC invocations=16 (full 0):
 garbage-first heap   total 131072K, used 55630K [0x00000000a0000000, 0x0000000100000000)
  region size 1024K, 8 young (8192K), 8 survivors (8192K)
 Metaspace       used 63068K, capacity 64696K, committed 64944K, reserved 1105920K
  class space    used 7841K, capacity 8347K, committed 8448K, reserved 1048576K
}
Event: 40.969 GC heap before
{Heap before GC invocations=16 (full 0):
 garbage-first heap   total 131072K, used 100686K [0x00000000a0000000, 0x0000000100000000)
  region size 1024K, 53 young (54272K), 8 survivors (8192K)
 Metaspace       used 67995K, capacity 69812K, committed 69936K, reserved 1110016K
  class space    used 8617K, capacity 9240K, committed 9344K, reserved 1048576K
}
Event: 40.997 GC heap after
{Heap after GC invocations=17 (full 0):
 garbage-first heap   total 131072K, used 58890K [0x00000000a0000000, 0x0000000100000000)
  region size 1024K, 3 young (3072K), 3 survivors (3072K)
 Metaspace       used 67995K, capacity 69812K, committed 69936K, reserved 1110016K
  class space    used 8617K, capacity 9240K, committed 9344K, reserved 1048576K
}
Event: 42.255 GC heap before
{Heap before GC invocations=18 (full 0):
 garbage-first heap   total 131072K, used 105994K [0x00000000a0000000, 0x0000000100000000)
  region size 1024K, 49 young (50176K), 3 survivors (3072K)
 Metaspace       used 69515K, capacity 71396K, committed 71472K, reserved 1112064K
  class space    used 8903K, capacity 9551K, committed 9600K, reserved 1048576K
}
Event: 42.273 GC heap after
{Heap after GC invocations=19 (full 0):
 garbage-first heap   total 131072K, used 62898K [0x00000000a0000000, 0x0000000100000000)
  region size 1024K, 7 young (7168K), 7 survivors (7168K)
 Metaspace       used 69515K, capacity 71396K, committed 71472K, reserved 1112064K
  class space    used 8903K, capacity 9551K, committed 9600K, reserved 1048576K
}

